<?xml version="1.0" encoding="UTF-8"?>
<testng-results ignored="0" total="2" passed="2" failed="0" skipped="0">
  <reporter-output>
  </reporter-output>
  <suite started-at="2024-03-22T17:33:31 IST" name="Default suite" finished-at="2024-03-22T17:34:18 IST" duration-ms="46773">
    <groups>
    </groups>
    <test started-at="2024-03-22T17:33:31 IST" name="Default test" finished-at="2024-03-22T17:34:18 IST" duration-ms="46773">
      <class name="com.hybrid.LoginPageTest">
        <test-method is-config="true" signature="setup()[pri:0, instance:com.hybrid.LoginPageTest@313ac989]" started-at="2024-03-22T17:33:31 IST" name="setup" finished-at="2024-03-22T17:34:11 IST" duration-ms="39647" status="PASS">
          <reporter-output>
          </reporter-output>
        </test-method> <!-- setup -->
        <test-method signature="adminLogin()[pri:0, instance:com.hybrid.LoginPageTest@313ac989]" started-at="2024-03-22T17:34:11 IST" name="adminLogin" finished-at="2024-03-22T17:34:14 IST" duration-ms="2684" status="PASS">
          <reporter-output>
          </reporter-output>
        </test-method> <!-- adminLogin -->
        <test-method signature="testTitle()[pri:0, instance:com.hybrid.LoginPageTest@313ac989]" started-at="2024-03-22T17:34:14 IST" name="testTitle" finished-at="2024-03-22T17:34:18 IST" duration-ms="4189" status="PASS">
          <reporter-output>
          </reporter-output>
        </test-method> <!-- testTitle -->
      </class> <!-- com.hybrid.LoginPageTest -->
    </test> <!-- Default test -->
  </suite> <!-- Default suite -->
</testng-results>
